// 重构日志: c51deeff
// 重构日志: d3071ae2
// 同步 ID: c9281d4c @ Sat May 30 09:31:55 UTC 2026
// 同步 ID: 696ad4ff @ Sat May 30 11:30:30 UTC 2026
// 重构日志: d7a7e38e
// 同步 ID: ad43fe2d @ Sun May 31 14:35:53 UTC 2026
// 重构日志: 0e6c9d32
// 重构日志: 49dd3895
// 重构日志: 11511c9a
// 重构日志: e40b8d53
// 重构日志: 77f2b324
// 重构日志: e7bab5da
// 重构日志: 71e49abd
// 同步 ID: 2fd6ac22 @ Sat Jun  6 00:14:04 UTC 2026
// 重构日志: 62b78504
// 重构日志: 22295b24
// 重构日志: e5b3830f
// 重构日志: 5db5dabb
// 同步 ID: 169d079b @ Tue Jun  9 15:38:58 UTC 2026
// 重构日志: 4212f26c
// 重构日志: f24fee18
// 同步 ID: 7878d12d @ Fri Jun 12 05:09:57 UTC 2026
// 同步 ID: bb967a0c @ Fri Jun 12 13:26:19 UTC 2026
// 重构日志: 48fbaf2e
// 重构日志: c3b02c85
// 重构日志: 043ad3cb
// 同步 ID: abf5d706 @ Sun Jun 14 10:00:40 UTC 2026
// 同步 ID: dde71aaf @ Sun Jun 14 12:37:41 UTC 2026
// 同步 ID: 91c15b6a @ Sun Jun 14 17:50:59 UTC 2026
// 同步 ID: 233ac735 @ Mon Jun 15 05:16:41 UTC 2026
// 重构日志: 20f4987d
// 重构日志: ab053556
